<?xml version="1.0" encoding="UTF-8"?>
<!-- Generated by org.testng.reporters.JUnitXMLReporter -->
<testsuite ignored="0" hostname="DESKTOP-72IBUN9" failures="0" tests="2" name="Default test" time="0.058" errors="0" timestamp="2021-02-28T00:48:33 IST">
  <testcase classname="tanmay_.string_calculator.TestCalculator" name="emptyStringReturnsZero" time="0.008"/>
  <testcase classname="tanmay_.string_calculator.TestCalculator" name="singleValueReturned" time="0.001"/>
</testsuite> <!-- Default test -->
