<?xml version="1.0" encoding="UTF-8"?>
<!-- Generated by org.testng.reporters.JUnitXMLReporter -->
<testsuite ignored="0" hostname="DESKTOP-72IBUN9" failures="0" tests="7" name="Default test" time="0.08" errors="0" timestamp="2021-02-28T13:07:24 IST">
  <testcase classname="tanmay_.string_calculator.TestCalculator" name="emptyStringReturnsZero" time="0.009"/>
  <testcase classname="tanmay_.string_calculator.TestCalculator" name="ignoreNumberGreaterThan1000" time="0.002"/>
  <testcase classname="tanmay_.string_calculator.TestCalculator" name="moreThanTwoNumbersSumBothWaysDelimiter" time="0.001"/>
  <testcase classname="tanmay_.string_calculator.TestCalculator" name="negetiveNumberThrowsException" time="0.001"/>
  <testcase classname="tanmay_.string_calculator.TestCalculator" name="singleValueReturned" time="0.003"/>
  <testcase classname="tanmay_.string_calculator.TestCalculator" name="twoNumbersSumCommaDelimiter" time="0.003"/>
  <testcase classname="tanmay_.string_calculator.TestCalculator" name="twoNumbersSumNewLineDelimiter" time="0.002"/>
</testsuite> <!-- Default test -->
