<?xml version="1.0" encoding="UTF-8"?>
<testng-results ignored="0" total="2" passed="2" failed="0" skipped="0">
  <reporter-output>
  </reporter-output>
  <suite started-at="2021-02-28T00:48:33 IST" name="Default suite" finished-at="2021-02-28T00:48:33 IST" duration-ms="58">
    <groups>
    </groups>
    <test started-at="2021-02-28T00:48:33 IST" name="Default test" finished-at="2021-02-28T00:48:33 IST" duration-ms="58">
      <class name="tanmay_.string_calculator.TestCalculator">
        <test-method is-config="true" signature="init()[pri:0, instance:tanmay_.string_calculator.TestCalculator@671a5887]" started-at="2021-02-28T00:48:33 IST" name="init" finished-at="2021-02-28T00:48:33 IST" duration-ms="10" status="PASS">
          <reporter-output>
          </reporter-output>
        </test-method> <!-- init -->
        <test-method signature="emptyStringReturnsZero()[pri:0, instance:tanmay_.string_calculator.TestCalculator@671a5887]" started-at="2021-02-28T00:48:33 IST" name="emptyStringReturnsZero" finished-at="2021-02-28T00:48:33 IST" duration-ms="8" status="PASS">
          <reporter-output>
          </reporter-output>
        </test-method> <!-- emptyStringReturnsZero -->
        <test-method signature="singleValueReturned()[pri:0, instance:tanmay_.string_calculator.TestCalculator@671a5887]" started-at="2021-02-28T00:48:33 IST" name="singleValueReturned" finished-at="2021-02-28T00:48:33 IST" duration-ms="1" status="PASS">
          <reporter-output>
          </reporter-output>
        </test-method> <!-- singleValueReturned -->
      </class> <!-- tanmay_.string_calculator.TestCalculator -->
    </test> <!-- Default test -->
  </suite> <!-- Default suite -->
</testng-results>
